Build started 12/10/2016 2:14:29 AM.
     1>Project "C:\Users\Abrie\Documents\Visual Studio 2015\Projects\ConsoleApplication1\SimpletronCompilerAssembler\ConsoleApplication1\ConsoleApplication1.vcxproj" on node 2 (Build target(s)).
     1>ClCompile:
         C:\Program Files (x86)\Microsoft Visual Studio 14.0\VC\bin\CL.exe /c /ZI /nologo /W3 /WX- /sdl /Od /Oy- /D WIN32 /D _DEBUG /D _CONSOLE /D _UNICODE /D UNICODE /Gm /EHsc /RTC1 /MDd /GS /fp:precise /Zc:wchar_t /Zc:forScope /Zc:inline /Yu"stdafx.h" /Fp"Debug\ConsoleApplication1.pch" /Fo"Debug\\" /Fd"Debug\vc140.pdb" /Gd /TP /analyze- /errorReport:prompt ConsoleApplication1.cpp
         ConsoleApplication1.cpp
     1>c:\users\abrie\documents\visual studio 2015\projects\consoleapplication1\simpletroncompilerassembler\consoleapplication1\simpletronassembler.cpp(48): warning C4018: '>': signed/unsigned mismatch
     1>c:\users\abrie\documents\visual studio 2015\projects\consoleapplication1\simpletroncompilerassembler\consoleapplication1\simpletronassembler.cpp(60): warning C4018: '>': signed/unsigned mismatch
     1>c:\users\abrie\documents\visual studio 2015\projects\consoleapplication1\simpletroncompilerassembler\consoleapplication1\simpletronassembler.cpp(66): warning C4018: '>': signed/unsigned mismatch
     1>c:\users\abrie\documents\visual studio 2015\projects\consoleapplication1\simpletroncompilerassembler\consoleapplication1\compilerforsimpletron.cpp(10): warning C4018: '<': signed/unsigned mismatch
     1>c:\users\abrie\documents\visual studio 2015\projects\consoleapplication1\simpletroncompilerassembler\consoleapplication1\compilerforsimpletron.cpp(36): warning C4018: '<': signed/unsigned mismatch
     1>c:\users\abrie\documents\visual studio 2015\projects\consoleapplication1\simpletroncompilerassembler\consoleapplication1\compilerforsimpletron.cpp(63): warning C4018: '<': signed/unsigned mismatch
     1>c:\users\abrie\documents\visual studio 2015\projects\consoleapplication1\simpletroncompilerassembler\consoleapplication1\compilerforsimpletron.cpp(95): warning C4018: '<': signed/unsigned mismatch
     1>c:\users\abrie\documents\visual studio 2015\projects\consoleapplication1\simpletroncompilerassembler\consoleapplication1\compilerforsimpletron.cpp(126): warning C4018: '<': signed/unsigned mismatch
     1>c:\users\abrie\documents\visual studio 2015\projects\consoleapplication1\simpletroncompilerassembler\consoleapplication1\compilerforsimpletron.cpp(133): warning C4018: '<': signed/unsigned mismatch
     1>c:\users\abrie\documents\visual studio 2015\projects\consoleapplication1\simpletroncompilerassembler\consoleapplication1\compilerforsimpletron.cpp(206): warning C4018: '<': signed/unsigned mismatch
     1>c:\users\abrie\documents\visual studio 2015\projects\consoleapplication1\simpletroncompilerassembler\consoleapplication1\compilerforsimpletron.cpp(348): warning C4018: '<': signed/unsigned mismatch
       Link:
         C:\Program Files (x86)\Microsoft Visual Studio 14.0\VC\bin\link.exe /ERRORREPORT:PROMPT /OUT:"C:\Users\Abrie\Documents\Visual Studio 2015\Projects\ConsoleApplication1\SimpletronCompilerAssembler\Debug\ConsoleApplication1.exe" /INCREMENTAL /NOLOGO kernel32.lib user32.lib gdi32.lib winspool.lib comdlg32.lib advapi32.lib shell32.lib ole32.lib oleaut32.lib uuid.lib odbc32.lib odbccp32.lib /MANIFEST /MANIFESTUAC:"level='asInvoker' uiAccess='false'" /manifest:embed /Debug /PDB:"C:\Users\Abrie\Documents\Visual Studio 2015\Projects\ConsoleApplication1\SimpletronCompilerAssembler\Debug\ConsoleApplication1.pdb" /SUBSYSTEM:CONSOLE /TLBID:1 /DYNAMICBASE /NXCOMPAT /IMPLIB:"C:\Users\Abrie\Documents\Visual Studio 2015\Projects\ConsoleApplication1\SimpletronCompilerAssembler\Debug\ConsoleApplication1.lib" /MACHINE:X86 Debug\ConsoleApplication1.obj
         Debug\stdafx.obj
         ConsoleApplication1.vcxproj -> C:\Users\Abrie\Documents\Visual Studio 2015\Projects\ConsoleApplication1\SimpletronCompilerAssembler\Debug\ConsoleApplication1.exe
     1>Done Building Project "C:\Users\Abrie\Documents\Visual Studio 2015\Projects\ConsoleApplication1\SimpletronCompilerAssembler\ConsoleApplication1\ConsoleApplication1.vcxproj" (Build target(s)).

Build succeeded.

Time Elapsed 00:00:04.25
